<?xml version="1.0" encoding="UTF-8"?>
<!-- Generated by org.testng.reporters.JUnitReportReporter -->
<testsuite hostname="PG01MM1X" name="com.Sanity.tests.LoginByFetchingDataFromExcelTest" tests="1" failures="0" timestamp="3 Mar 2023 05:27:08 GMT" time="8.705" errors="0">
  <testcase name="userLogin" time="8.705" classname="com.Sanity.tests.LoginByFetchingDataFromExcelTest"/>
</testsuite> <!-- com.Sanity.tests.LoginByFetchingDataFromExcelTest -->
